<?xml version="1.0" encoding="UTF-8"?>
<testng-results ignored="0" total="1" passed="1" failed="0" skipped="0">
  <reporter-output>
  </reporter-output>
  <suite started-at="2023-02-24T16:25:48 IST" name="Default suite" finished-at="2023-02-24T16:26:45 IST" duration-ms="56936">
    <groups>
      <group name="cucumber">
        <method signature="AbstractTestNGCucumberTests.runScenario(io.cucumber.testng.PickleWrapper,io.cucumber.testng.FeatureWrapper)[pri:0, instance:testRunners.testRunnerTestNG@4b8d604b]" name="runScenario" class="io.cucumber.testng.AbstractTestNGCucumberTests"/>
      </group> <!-- cucumber -->
    </groups>
    <test started-at="2023-02-24T16:25:48 IST" name="Default test" finished-at="2023-02-24T16:26:45 IST" duration-ms="56936">
      <class name="testRunners.testRunnerTestNG">
        <test-method is-config="true" signature="setUpClass()[pri:0, instance:testRunners.testRunnerTestNG@4b8d604b]" started-at="2023-02-24T16:25:48 IST" name="setUpClass" finished-at="2023-02-24T16:25:48 IST" duration-ms="261" status="PASS">
          <reporter-output>
          </reporter-output>
        </test-method> <!-- setUpClass -->
        <test-method signature="runScenario(io.cucumber.testng.PickleWrapper,io.cucumber.testng.FeatureWrapper)[pri:0, instance:testRunners.testRunnerTestNG@4b8d604b]" started-at="2023-02-24T16:25:48 IST" name="runScenario" description="Runs Cucumber Scenarios" data-provider="scenarios" finished-at="2023-02-24T16:26:45 IST" duration-ms="56614" status="PASS">
          <params>
            <param index="0">
              <value>
                <![CDATA["User will open Goibibo and book the hotel"]]>
              </value>
            </param>
            <param index="1">
              <value>
                <![CDATA["working on Background keyword"]]>
              </value>
            </param>
          </params>
          <reporter-output>
          </reporter-output>
        </test-method> <!-- runScenario -->
        <test-method is-config="true" signature="tearDownClass()[pri:0, instance:testRunners.testRunnerTestNG@4b8d604b]" started-at="2023-02-24T16:26:45 IST" name="tearDownClass" finished-at="2023-02-24T16:26:45 IST" duration-ms="2" status="PASS">
          <reporter-output>
          </reporter-output>
        </test-method> <!-- tearDownClass -->
      </class> <!-- testRunners.testRunnerTestNG -->
    </test> <!-- Default test -->
  </suite> <!-- Default suite -->
</testng-results>
