<?xml version="1.0" encoding="UTF-8"?>
<testng-results ignored="0" total="0" passed="0" failed="0" skipped="0">
  <reporter-output>
  </reporter-output>
  <suite started-at="2023-02-28T16:27:47 IST" name="Default suite" finished-at="2023-02-28T16:27:48 IST" duration-ms="516">
    <groups>
      <group name="cucumber">
        <method signature="AbstractTestNGCucumberTests.runScenario(io.cucumber.testng.PickleWrapper,io.cucumber.testng.FeatureWrapper)[pri:0, instance:testRunners.testRunnerTestNG@25df00a0]" name="runScenario" class="io.cucumber.testng.AbstractTestNGCucumberTests"/>
      </group> <!-- cucumber -->
    </groups>
    <test started-at="2023-02-28T16:27:47 IST" name="Default test" finished-at="2023-02-28T16:27:48 IST" duration-ms="516">
      <class name="testRunners.testRunnerTestNG">
        <test-method is-config="true" signature="setUpClass()[pri:0, instance:testRunners.testRunnerTestNG@25df00a0]" started-at="2023-02-28T16:27:47 IST" name="setUpClass" finished-at="2023-02-28T16:27:48 IST" duration-ms="429" status="PASS">
          <reporter-output>
          </reporter-output>
        </test-method> <!-- setUpClass -->
        <test-method is-config="true" signature="tearDownClass()[pri:0, instance:testRunners.testRunnerTestNG@25df00a0]" started-at="2023-02-28T16:27:48 IST" name="tearDownClass" finished-at="2023-02-28T16:27:48 IST" duration-ms="17" status="PASS">
          <reporter-output>
          </reporter-output>
        </test-method> <!-- tearDownClass -->
      </class> <!-- testRunners.testRunnerTestNG -->
    </test> <!-- Default test -->
  </suite> <!-- Default suite -->
</testng-results>
